array (
  'id' => '1',
  'nome' => 'Distribuidora Bicha',
  'cidade' => 'Careiro',
  'uf' => 'AM',
  'telefone' => '8182399',
  'celular' => '9192399123',
  'email' => 'claudiopablosilva@hotmail.com',
  'cep' => '8182381823',
  'endereco' => 'babsdasnd',
  'numero' => '91',
  'complemento' => 'jjreiiasdi',
  'bairro' => 'jjk213',
  'cnpj' => '0102931230',
  'site' => 'www.esmas.com',
  'inscricao_estadual' => '123123',
  'inscricao_municipal' => '123123',
)array (
  'id' => '1',
  'nome' => 'Distribuidora Bicha',
  'cidade' => 'Careiro',
  'uf' => 'AM',
  'telefone' => '8182399',
  'celular' => '9192399123',
  'email' => 'claudiopablosilva@hotmail.com',
  'cep' => '8182381823',
  'endereco' => 'babsdasnd',
  'numero' => '91',
  'complemento' => 'jjreiiasdi',
  'bairro' => 'jjk213',
  'cnpj' => '0102931230',
  'site' => 'www.esmas.com',
  'inscricao_estadual' => '123123',
  'inscricao_municipal' => '123123',
)

